<?xml version="1.0" encoding="UTF-8"?>
<testng-results ignored="0" total="1" passed="1" failed="0" skipped="0">
  <reporter-output>
  </reporter-output>
  <suite started-at="2022-11-23T13:26:41 IST" name="Default suite" finished-at="2022-11-23T13:27:14 IST" duration-ms="33239">
    <groups>
    </groups>
    <test started-at="2022-11-23T13:26:41 IST" name="Default test" finished-at="2022-11-23T13:27:14 IST" duration-ms="33239">
      <class name="SeleniumPkg.HelloWorld">
        <test-method is-config="true" signature="setup()[pri:0, instance:SeleniumPkg.HelloWorld@3c7f66c4]" started-at="2022-11-23T13:26:41 IST" name="setup" finished-at="2022-11-23T13:26:56 IST" duration-ms="15368" status="PASS">
          <reporter-output>
          </reporter-output>
        </test-method> <!-- setup -->
        <test-method signature="login()[pri:0, instance:SeleniumPkg.HelloWorld@3c7f66c4]" started-at="2022-11-23T13:26:56 IST" name="login" finished-at="2022-11-23T13:27:14 IST" duration-ms="17775" status="PASS">
          <reporter-output>
          </reporter-output>
        </test-method> <!-- login -->
        <test-method is-config="true" signature="tearDown()[pri:0, instance:SeleniumPkg.HelloWorld@3c7f66c4]" started-at="2022-11-23T13:27:14 IST" name="tearDown" finished-at="2022-11-23T13:27:14 IST" duration-ms="1" status="PASS">
          <reporter-output>
          </reporter-output>
        </test-method> <!-- tearDown -->
      </class> <!-- SeleniumPkg.HelloWorld -->
    </test> <!-- Default test -->
  </suite> <!-- Default suite -->
</testng-results>
